#
# There is insufficient memory for the Java Runtime Environment to continue.
# Native memory allocation (mmap) failed to map 121634816 bytes for G1 virtual space
# Possible reasons:
#   The system is out of physical RAM or swap space
#   The process is running with CompressedOops enabled, and the Java Heap may be blocking the growth of the native heap
# Possible solutions:
#   Reduce memory load on the system
#   Increase physical memory or swap space
#   Check if swap backing store is full
#   Decrease Java heap size (-Xmx/-Xms)
#   Decrease number of Java threads
#   Decrease Java thread stack sizes (-Xss)
#   Set larger code cache with -XX:ReservedCodeCacheSize=
#   JVM is running with Unscaled Compressed Oops mode in which the Java heap is
#     placed in the first 4GB address space. The Java Heap base address is the
#     maximum limit for the native heap growth. Please use -XX:HeapBaseMinAddress
#     to set the Java Heap base and to place the Java Heap above 4GB virtual address.
# This output file may be truncated or incomplete.
#
#  Out of Memory Error (os_windows.cpp:3548), pid=14360, tid=11400
#
# JRE version:  (17.0.13+10) (build )
# Java VM: Java HotSpot(TM) 64-Bit Server VM (17.0.13+10-LTS-268, mixed mode, sharing, tiered, compressed oops, compressed class ptrs, g1 gc, windows-amd64)
# No core dump will be written. Minidumps are not enabled by default on client versions of Windows
#

---------------  S U M M A R Y ------------

Command Line: org.jetbrains.kotlin.cli.jvm.K2JVMCompiler @C:\Users\Dell\CODING\NewFirstApp\android\app\build\20250718_14409238180070778932.compiler.options

Host: AMD Ryzen 3 7320U with Radeon Graphics         , 8 cores, 7G,  Windows 11 , 64 bit Build 26100 (10.0.26100.4484)
Time: Fri Jul 18 20:40:51 2025 India Standard Time elapsed time: 0.043921 seconds (0d 0h 0m 0s)

---------------  T H R E A D  ---------------

Current thread (0x0000022ea9754c50):  JavaThread "Unknown thread" [_thread_in_vm, id=11400, stack(0x000000dcd2a00000,0x000000dcd2b00000)]

Stack: [0x000000dcd2a00000,0x000000dcd2b00000]
Native frames: (J=compiled Java code, j=interpreted, Vv=VM code, C=native code)
V  [jvm.dll+0x67a23a]
V  [jvm.dll+0x7da96d]
V  [jvm.dll+0x7dc2b3]
V  [jvm.dll+0x7dc923]
V  [jvm.dll+0x2450ef]
V  [jvm.dll+0x677279]
V  [jvm.dll+0x66bf22]
V  [jvm.dll+0x302006]
V  [jvm.dll+0x3095a6]
V  [jvm.dll+0x359e9e]
V  [jvm.dll+0x35a0cf]
V  [jvm.dll+0x2d90d8]
V  [jvm.dll+0x2da044]
V  [jvm.dll+0x7ace81]
V  [jvm.dll+0x367701]
V  [jvm.dll+0x78bcc9]
V  [jvm.dll+0x3ec9bf]
V  [jvm.dll+0x3ee5f1]
C  [jli.dll+0x5297]
C  [ucrtbase.dll+0x37b0]
C  [KERNEL32.DLL+0x2e8d7]
C  [ntdll.dll+0x3c34c]


---------------  P R O C E S S  ---------------

Threads class SMR info:
_java_thread_list=0x00007ff934628a18, length=0, elements={
}

Java Threads: ( => current thread )

Other Threads:
  0x0000022ea97a8c20 GCTaskThread "GC Thread#0" [stack: 0x000000dcd2b00000,0x000000dcd2c00000] [id=13756]
  0x0000022ea97b8230 ConcurrentGCThread "G1 Main Marker" [stack: 0x000000dcd2c00000,0x000000dcd2d00000] [id=12144]
  0x0000022ea97b9910 ConcurrentGCThread "G1 Conc#0" [stack: 0x000000dcd2d00000,0x000000dcd2e00000] [id=7596]

[error occurred during error reporting (printing all threads), id 0xc0000005, EXCEPTION_ACCESS_VIOLATION (0xc0000005) at pc=0x00007ff933e59bc7]

VM state: not at safepoint (not fully initialized)

VM Mutex/Monitor currently owned by a thread:  ([mutex/lock_event])
[0x0000022ea974e330] Heap_lock - owner thread: 0x0000022ea9754c50

Heap address: 0x000000008ca00000, size: 1846 MB, Compressed Oops mode: 32-bit

CDS archive(s) mapped at: [0x0000000000000000-0x0000000000000000-0x0000000000000000), size 0, SharedBaseAddress: 0x0000000800000000, ArchiveRelocationMode: 1.
Narrow klass base: 0x0000000000000000, Narrow klass shift: 0, Narrow klass range: 0x0

GC Precious Log:
<Empty>

Heap:
 garbage-first heap   total 0K, used 0K [0x000000008ca00000, 0x0000000100000000)
  region size 1024K, 0 young (0K), 0 survivors (0K)

[error occurred during error reporting (printing heap information), id 0xc0000005, EXCEPTION_ACCESS_VIOLATION (0xc0000005) at pc=0x00007ff934243a29]

GC Heap History (0 events):
No events

Deoptimization events (0 events):
No events

Classes unloaded (0 events):
No events

Classes redefined (0 events):
No events

Internal exceptions (0 events):
No events

VM Operations (0 events):
No events

Events (1 events):
Event: 0.027 Loaded shared library C:\Program Files\Java\jdk-17\bin\java.dll


Dynamic libraries:
0x00007ff6925d0000 - 0x00007ff6925e0000 	C:\Program Files\Java\jdk-17\bin\java.exe
0x00007ff9be6c0000 - 0x00007ff9be928000 	C:\Windows\SYSTEM32\ntdll.dll
0x00007ff9bcb80000 - 0x00007ff9bcc49000 	C:\Windows\System32\KERNEL32.DLL
0x00007ff9bbef0000 - 0x00007ff9bc2dd000 	C:\Windows\System32\KERNELBASE.dll
0x00007ff9bba00000 - 0x00007ff9bbb4b000 	C:\Windows\System32\ucrtbase.dll
0x00007ff9a9370000 - 0x00007ff9a9389000 	C:\Program Files\Java\jdk-17\bin\jli.dll
0x00007ff9a9350000 - 0x00007ff9a936b000 	C:\Program Files\Java\jdk-17\bin\VCRUNTIME140.dll
0x00007ff9bc7a0000 - 0x00007ff9bc854000 	C:\Windows\System32\ADVAPI32.dll
0x00007ff9bc9c0000 - 0x00007ff9bca69000 	C:\Windows\System32\msvcrt.dll
0x00007ff9bce80000 - 0x00007ff9bcf26000 	C:\Windows\System32\sechost.dll
0x00007ff9bcf80000 - 0x00007ff9bd098000 	C:\Windows\System32\RPCRT4.dll
0x00007ff9bc5d0000 - 0x00007ff9bc79c000 	C:\Windows\System32\USER32.dll
0x00007ff9bbbe0000 - 0x00007ff9bbc07000 	C:\Windows\System32\win32u.dll
0x00007ff9bc990000 - 0x00007ff9bc9bb000 	C:\Windows\System32\GDI32.dll
0x00007ff9bb810000 - 0x00007ff9bb947000 	C:\Windows\System32\gdi32full.dll
0x00007ff9a68c0000 - 0x00007ff9a6b5a000 	C:\Windows\WinSxS\amd64_microsoft.windows.common-controls_6595b64144ccf1df_6.0.26100.4484_none_3e0e6d4ce32ef3b3\COMCTL32.dll
0x00007ff9bb950000 - 0x00007ff9bb9f3000 	C:\Windows\System32\msvcp_win.dll
0x00007ff9b2b60000 - 0x00007ff9b2b6b000 	C:\Windows\SYSTEM32\VERSION.dll
0x00007ff9bc860000 - 0x00007ff9bc88f000 	C:\Windows\System32\IMM32.DLL
0x00007ff9aae10000 - 0x00007ff9aae1c000 	C:\Program Files\Java\jdk-17\bin\vcruntime140_1.dll
0x00007ff969e10000 - 0x00007ff969e9e000 	C:\Program Files\Java\jdk-17\bin\msvcp140.dll
0x00007ff933b70000 - 0x00007ff934751000 	C:\Program Files\Java\jdk-17\bin\server\jvm.dll
0x00007ff9bce70000 - 0x00007ff9bce78000 	C:\Windows\System32\PSAPI.DLL
0x00007ff9aadc0000 - 0x00007ff9aadca000 	C:\Windows\SYSTEM32\WSOCK32.dll
0x00007ff9bcb00000 - 0x00007ff9bcb74000 	C:\Windows\System32\WS2_32.dll
0x00007ff9b2b70000 - 0x00007ff9b2ba5000 	C:\Windows\SYSTEM32\WINMM.dll
0x00007ff9ba5b0000 - 0x00007ff9ba5cb000 	C:\Windows\SYSTEM32\kernel.appcore.dll
0x00007ff9aad00000 - 0x00007ff9aad0a000 	C:\Program Files\Java\jdk-17\bin\jimage.dll
0x00007ff9b9030000 - 0x00007ff9b9271000 	C:\Windows\SYSTEM32\DBGHELP.DLL
0x00007ff9bdc70000 - 0x00007ff9bdff6000 	C:\Windows\System32\combase.dll
0x00007ff9bd280000 - 0x00007ff9bd360000 	C:\Windows\System32\OLEAUT32.dll
0x00007ff9a3a00000 - 0x00007ff9a3a43000 	C:\Windows\SYSTEM32\dbgcore.DLL
0x00007ff9bbcd0000 - 0x00007ff9bbd69000 	C:\Windows\System32\bcryptPrimitives.dll
0x00007ff982e70000 - 0x00007ff982e95000 	C:\Program Files\Java\jdk-17\bin\java.dll

dbghelp: loaded successfully - version: 4.0.5 - missing functions: none
symbol engine: initialized successfully - sym options: 0x614 - pdb path: .;C:\Program Files\Java\jdk-17\bin;C:\Windows\SYSTEM32;C:\Windows\WinSxS\amd64_microsoft.windows.common-controls_6595b64144ccf1df_6.0.26100.4484_none_3e0e6d4ce32ef3b3;C:\Program Files\Java\jdk-17\bin\server

VM Arguments:
java_command: org.jetbrains.kotlin.cli.jvm.K2JVMCompiler @C:\Users\Dell\CODING\NewFirstApp\android\app\build\20250718_14409238180070778932.compiler.options
java_class_path (initial): C:\Users\Dell\.gradle\caches\modules-2\files-2.1\org.jetbrains.kotlin\kotlin-compiler-embeddable\2.1.20\4ef56b3316798316bfac7a0ae443391c9e900ea1\kotlin-compiler-embeddable-2.1.20.jar;C:\Users\Dell\.gradle\caches\modules-2\files-2.1\org.jetbrains.kotlin\kotlin-stdlib\2.1.20\aa8ca79cd50578314f6d1180c47cbe14c0fee567\kotlin-stdlib-2.1.20.jar;C:\Users\Dell\.gradle\caches\modules-2\files-2.1\org.jetbrains.kotlin\kotlin-script-runtime\2.1.20\f7c623d7f7bdb01f5ccd6b437bc0a937fcd7c57e\kotlin-script-runtime-2.1.20.jar;C:\Users\Dell\.gradle\caches\modules-2\files-2.1\org.jetbrains.kotlin\kotlin-reflect\1.6.10\1cbe9c92c12a94eea200d23c2bbaedaf3daf5132\kotlin-reflect-1.6.10.jar;C:\Users\Dell\.gradle\caches\modules-2\files-2.1\org.jetbrains.kotlin\kotlin-daemon-embeddable\2.1.20\95670fce77befd02a70a0bc3abe8ee4533521334\kotlin-daemon-embeddable-2.1.20.jar;C:\Users\Dell\.gradle\caches\modules-2\files-2.1\org.jetbrains.intellij.deps\trove4j\1.0.20200330\3afb14d5f9ceb459d724e907a21145e8ff394f02\trove4j-1.0.20200330.jar;C:\Users\Dell\.gradle\caches\modules-2\files-2.1\org.jetbrains.kotlinx\kotlinx-coroutines-core-jvm\1.8.0\ac1dc37a30a93150b704022f8d895ee1bd3a36b3\kotlinx-coroutines-core-jvm-1.8.0.jar;C:\Users\Dell\.gradle\caches\modules-2\files-2.1\org.jetbrains\annotations\13.0\919f0dfe192fb4e063e7dacadee7f8bb9a2672a9\annotations-13.0.jar
Launcher Type: SUN_STANDARD

[Global flags]
     intx CICompilerCount                          = 4                                         {product} {ergonomic}
     uint ConcGCThreads                            = 2                                         {product} {ergonomic}
     uint G1ConcRefinementThreads                  = 8                                         {product} {ergonomic}
   size_t G1HeapRegionSize                         = 1048576                                   {product} {ergonomic}
    uintx GCDrainStackTargetSize                   = 64                                        {product} {ergonomic}
   size_t InitialHeapSize                          = 121634816                                 {product} {ergonomic}
   size_t MarkStackSize                            = 4194304                                   {product} {ergonomic}
   size_t MaxHeapSize                              = 1935671296                                {product} {ergonomic}
   size_t MinHeapDeltaBytes                        = 1048576                                   {product} {ergonomic}
   size_t MinHeapSize                              = 8388608                                   {product} {ergonomic}
    uintx NonNMethodCodeHeapSize                   = 5839372                                {pd product} {ergonomic}
    uintx NonProfiledCodeHeapSize                  = 122909434                              {pd product} {ergonomic}
    uintx ProfiledCodeHeapSize                     = 122909434                              {pd product} {ergonomic}
    uintx ReservedCodeCacheSize                    = 251658240                              {pd product} {ergonomic}
     bool SegmentedCodeCache                       = true                                      {product} {ergonomic}
   size_t SoftMaxHeapSize                          = 1935671296                             {manageable} {ergonomic}
     bool UseCompressedClassPointers               = true                           {product lp64_product} {ergonomic}
     bool UseCompressedOops                        = true                           {product lp64_product} {ergonomic}
     bool UseG1GC                                  = true                                      {product} {ergonomic}
     bool UseLargePagesIndividualAllocation        = false                                  {pd product} {ergonomic}

Logging:
Log output configuration:
 #0: stdout all=warning uptime,level,tags
 #1: stderr all=off uptime,level,tags

Environment Variables:
JAVA_HOME=C:\Program Files\Java\jdk-17
PATH=C:\Users\Dell\CODING\NewFirstApp\node_modules\.bin;C:\Users\Dell\CODING\NewFirstApp\node_modules\.bin;C:\Users\Dell\CODING\node_modules\.bin;C:\Users\Dell\node_modules\.bin;C:\Users\node_modules\.bin;C:\node_modules\.bin;C:\Program Files\nodejs\node_modules\npm\node_modules\@npmcli\run-script\lib\node-gyp-bin;C:\Users\Dell\AppData\Local\cloud-code\installer\google-cloud-sdk\bin;C:\Program Files\Java\jdk-17\bin;C:\Windows\system32;C:\Windows;C:\Windows\System32\Wbem;C:\Windows\System32\WindowsPowerShell\v1.0\;C:\Windows\System32\OpenSSH\;C:\Program Files\dotnet\;C:\Program Files\nodejs\;C:\Program Files\Git\cmd;C:\Program Files\MEGA11;C:\Program Files\MySQL\MySQL Server 8.0\bin;C:\Program Files\php-8.4.5;C:\ProgramData\chocolatey\bin;C:\Users\Dell\AppData\Local\Android\Sdk\platforms;C:\Users\Dell\AppData\Local\Android\Sdk;C:\Users\Dell\AppData\Local\Android\Sdk\platform-tools;C:\Users\Dell\AppData\Local\Android\Sdk\emulator;C:\Users\Dell\AppData\Local\Android\Sdk\build-tools;C:\Users\Dell\AppData\Local\Android\Sdk\cmdline-tools\latest\bin;C:\Users\Dell\AppData\Local\Programs\Python\Python313\Scripts\;C:\Users\Dell\AppData\Local\Programs\Python\Python313\;C:\Users\Dell\AppData\Local\Microsoft\WindowsApps;C:\Users\Dell\AppData\Local\Programs\Microsoft VS Code\bin;C:\Users\Dell\AppData\Roaming\npm;C:\flutter\bin;C:\Users\Dell\AppData\Local\Programs\Python\env\Scripts;C:\Users\Dell\AppData\Local\Android\Sdk;C:\Users\Dell\AppData\Local\Android\Sdk\emulator;C:\Users\Dell\AppData\Local\Android\Sdk\platforms;C:\Users\Dell\AppData\Local\Android\Sdk\platform-tools;C:\Users\Dell\AppData\Local\Android\Sdk\build-toaols;
USERNAME=Dell
LANG=en_US.UTF-8
OS=Windows_NT
PROCESSOR_IDENTIFIER=AMD64 Family 23 Model 160 Stepping 0, AuthenticAMD



---------------  S Y S T E M  ---------------

OS:
 Windows 11 , 64 bit Build 26100 (10.0.26100.4484)
OS uptime: 1 days 0:00 hours
Hyper-V role detected

CPU: total 8 (initial active 8) (8 cores per cpu, 2 threads per core) family 23 model 160 stepping 0 microcode 0x8a0000b, cx8, cmov, fxsr, ht, mmx, 3dnowpref, sse, sse2, sse3, ssse3, sse4a, sse4.1, sse4.2, popcnt, lzcnt, tsc, tscinvbit, avx, avx2, aes, clmul, bmi1, bmi2, adx, sha, fma, vzeroupper, clflush, clflushopt, hv

Memory: 4k page, system-wide physical 7379M (653M free)
TotalPageFile size 18374M (AvailPageFile size 105M)
current process WorkingSet (physical memory assigned to process): 12M, peak: 12M
current process commit charge ("private bytes"): 60M, peak: 176M

vm_info: Java HotSpot(TM) 64-Bit Server VM (17.0.13+10-LTS-268) for windows-amd64 JRE (17.0.13+10-LTS-268), built on Sep 30 2024 06:33:13 by "mach5one" with MS VC++ 17.6 (VS2022)

END.
