#
# There is insufficient memory for the Java Runtime Environment to continue.
# Native memory allocation (malloc) failed to allocate 5992 bytes for AllocateHeap
# Possible reasons:
#   The system is out of physical RAM or swap space
#   The process is running with CompressedOops enabled, and the Java Heap may be blocking the growth of the native heap
# Possible solutions:
#   Reduce memory load on the system
#   Increase physical memory or swap space
#   Check if swap backing store is full
#   Decrease Java heap size (-Xmx/-Xms)
#   Decrease number of Java threads
#   Decrease Java thread stack sizes (-Xss)
#   Set larger code cache with -XX:ReservedCodeCacheSize=
#   JVM is running with Unscaled Compressed Oops mode in which the Java heap is
#     placed in the first 4GB address space. The Java Heap base address is the
#     maximum limit for the native heap growth. Please use -XX:HeapBaseMinAddress
#     to set the Java Heap base and to place the Java Heap above 4GB virtual address.
# This output file may be truncated or incomplete.
#
#  Out of Memory Error (allocation.cpp:44), pid=7812, tid=12016
#
# JRE version: Java(TM) SE Runtime Environment (17.0.13+10) (build 17.0.13+10-LTS-268)
# Java VM: Java HotSpot(TM) 64-Bit Server VM (17.0.13+10-LTS-268, mixed mode, sharing, tiered, compressed oops, compressed class ptrs, g1 gc, windows-amd64)
# No core dump will be written. Minidumps are not enabled by default on client versions of Windows
#

---------------  S U M M A R Y ------------

Command Line: -Xmx64m -Xms64m -Dorg.gradle.appname=gradlew C:\Users\Dell\CODING\NewFirstApp\android\\gradle\wrapper\gradle-wrapper.jar app:installDebug -PreactNativeDevServerPort=8081

Host: AMD Ryzen 3 7320U with Radeon Graphics         , 8 cores, 7G,  Windows 11 , 64 bit Build 26100 (10.0.26100.4484)
Time: Fri Jul 18 20:01:44 2025 India Standard Time elapsed time: 278.668927 seconds (0d 0h 4m 38s)

---------------  T H R E A D  ---------------

Current thread (0x000001c5ff1603a0):  JavaThread "pool-1-thread-1" [_thread_in_Java, id=12016, stack(0x00000019ba300000,0x00000019ba400000)]

Stack: [0x00000019ba300000,0x00000019ba400000]
Native frames: (J=compiled Java code, j=interpreted, Vv=VM code, C=native code)
V  [jvm.dll+0x67a23a]
V  [jvm.dll+0x7da96d]
V  [jvm.dll+0x7dc2b3]
V  [jvm.dll+0x7dc923]
V  [jvm.dll+0x2450ef]
V  [jvm.dll+0xa5e4b]
V  [jvm.dll+0x7d20d0]
V  [jvm.dll+0x251af2]
V  [jvm.dll+0x254abc]
C  0x000001c5b27a232b

Java frames: (J=compiled Java code, j=interpreted, Vv=VM code)
v  ~UncommonTrapBlob
J 2246 c2 org.gradle.internal.logging.console.WorkInProgressRenderer.renderNow()V (351 bytes) @ 0x000001c5b2e10048 [0x000001c5b2e0b6e0+0x0000000000004968]
J 2319 c1 org.gradle.internal.logging.console.WorkInProgressRenderer.onOutput(Lorg/gradle/internal/logging/events/OutputEvent;)V (53 bytes) @ 0x000001c5ab66f6bc [0x000001c5ab66f280+0x000000000000043c]
J 2292 c1 org.gradle.internal.logging.console.BuildStatusRenderer.onOutput(Lorg/gradle/internal/logging/events/OutputEvent;)V (350 bytes) @ 0x000001c5ab66690c [0x000001c5ab665760+0x00000000000011ac]
J 2151 c2 org.gradle.internal.logging.console.ThrottlingOutputEventListener.onOutput(Lorg/gradle/internal/logging/events/OutputEvent;)V (85 bytes) @ 0x000001c5b2dd95f8 [0x000001c5b2dd9320+0x00000000000002d8]
J 1926 c1 org.gradle.internal.logging.console.ThrottlingOutputEventListener$1.run()V (42 bytes) @ 0x000001c5ab5c0cac [0x000001c5ab5c0a60+0x000000000000024c]
J 1925 c1 java.util.concurrent.Executors$RunnableAdapter.call()Ljava/lang/Object; java.base@17.0.13 (14 bytes) @ 0x000001c5ab5c064c [0x000001c5ab5c0540+0x000000000000010c]
J 1842 c1 java.util.concurrent.FutureTask.runAndReset()Z java.base@17.0.13 (125 bytes) @ 0x000001c5ab59468c [0x000001c5ab593dc0+0x00000000000008cc]
J 1841 c1 java.util.concurrent.ScheduledThreadPoolExecutor$ScheduledFutureTask.run()V java.base@17.0.13 (57 bytes) @ 0x000001c5ab59367c [0x000001c5ab5934a0+0x00000000000001dc]
j  java.util.concurrent.ThreadPoolExecutor.runWorker(Ljava/util/concurrent/ThreadPoolExecutor$Worker;)V+92 java.base@17.0.13
j  java.util.concurrent.ThreadPoolExecutor$Worker.run()V+5 java.base@17.0.13
j  java.lang.Thread.run()V+11 java.base@17.0.13
v  ~StubRoutines::call_stub

---------------  P R O C E S S  ---------------

Threads class SMR info:
_java_thread_list=0x000001c5fe9a29d0, length=13, elements={
0x000001c5a3954730, 0x000001c5a3a05710, 0x000001c5a3a062d0, 0x000001c5a3a1c760,
0x000001c5a3a1d120, 0x000001c5fe121f70, 0x000001c5fe122930, 0x000001c5fe123620,
0x000001c5fe128ca0, 0x000001c5fe12e260, 0x000001c5fe378f50, 0x000001c5fe37f6e0,
0x000001c5ff1603a0
}

Java Threads: ( => current thread )
  0x000001c5a3954730 JavaThread "main" [_thread_blocked, id=11132, stack(0x00000019b9000000,0x00000019b9100000)]
  0x000001c5a3a05710 JavaThread "Reference Handler" daemon [_thread_blocked, id=12224, stack(0x00000019b9700000,0x00000019b9800000)]
  0x000001c5a3a062d0 JavaThread "Finalizer" daemon [_thread_blocked, id=9324, stack(0x00000019b9800000,0x00000019b9900000)]
  0x000001c5a3a1c760 JavaThread "Signal Dispatcher" daemon [_thread_blocked, id=13620, stack(0x00000019b9900000,0x00000019b9a00000)]
  0x000001c5a3a1d120 JavaThread "Attach Listener" daemon [_thread_blocked, id=22620, stack(0x00000019b9a00000,0x00000019b9b00000)]
  0x000001c5fe121f70 JavaThread "Service Thread" daemon [_thread_blocked, id=11104, stack(0x00000019b9b00000,0x00000019b9c00000)]
  0x000001c5fe122930 JavaThread "Monitor Deflation Thread" daemon [_thread_blocked, id=12732, stack(0x00000019b9c00000,0x00000019b9d00000)]
  0x000001c5fe123620 JavaThread "C2 CompilerThread0" daemon [_thread_blocked, id=15372, stack(0x00000019b9d00000,0x00000019b9e00000)]
  0x000001c5fe128ca0 JavaThread "C1 CompilerThread0" daemon [_thread_blocked, id=19804, stack(0x00000019b9e00000,0x00000019b9f00000)]
  0x000001c5fe12e260 JavaThread "Sweeper thread" daemon [_thread_blocked, id=23684, stack(0x00000019b9f00000,0x00000019ba000000)]
  0x000001c5fe378f50 JavaThread "Notification Thread" daemon [_thread_blocked, id=3532, stack(0x00000019ba000000,0x00000019ba100000)]
  0x000001c5fe37f6e0 JavaThread "Common-Cleaner" daemon [_thread_blocked, id=9188, stack(0x00000019ba200000,0x00000019ba300000)]
=>0x000001c5ff1603a0 JavaThread "pool-1-thread-1" [_thread_in_Java, id=12016, stack(0x00000019ba300000,0x00000019ba400000)]

Other Threads:
  0x000001c5a39fe0b0 VMThread "VM Thread" [stack: 0x00000019b9600000,0x00000019b9700000] [id=20980]
  0x000001c5fe37f450 WatcherThread [stack: 0x00000019ba100000,0x00000019ba200000] [id=16408]
  0x000001c5a3975c40 GCTaskThread "GC Thread#0" [stack: 0x00000019b9100000,0x00000019b9200000] [id=20632]
  0x000001c5fe73d0f0 GCTaskThread "GC Thread#1" [stack: 0x00000019ba500000,0x00000019ba600000] [id=9036]
  0x000001c5fe6a4d80 GCTaskThread "GC Thread#2" [stack: 0x00000019ba600000,0x00000019ba700000] [id=3428]
  0x000001c5fe617660 GCTaskThread "GC Thread#3" [stack: 0x00000019ba700000,0x00000019ba800000] [id=10116]
  0x000001c5fe954570 GCTaskThread "GC Thread#4" [stack: 0x00000019ba400000,0x00000019ba500000] [id=18864]
  0x000001c5ff3fe450 GCTaskThread "GC Thread#5" [stack: 0x00000019ba800000,0x00000019ba900000] [id=12108]
  0x000001c5ff105530 GCTaskThread "GC Thread#6" [stack: 0x00000019ba900000,0x00000019baa00000] [id=21384]
  0x000001c5feef2d50 GCTaskThread "GC Thread#7" [stack: 0x00000019b8d00000,0x00000019b8e00000] [id=13796]
  0x000001c5a39783a0 ConcurrentGCThread "G1 Main Marker" [stack: 0x00000019b9200000,0x00000019b9300000] [id=22604]
  0x000001c5a3978db0 ConcurrentGCThread "G1 Conc#0" [stack: 0x00000019b9300000,0x00000019b9400000] [id=12712]
  0x000001c5a39d8b70 ConcurrentGCThread "G1 Refine#0" [stack: 0x00000019b9400000,0x00000019b9500000] [id=20884]
  0x000001c5ff5ca020 ConcurrentGCThread "G1 Refine#1" [stack: 0x00000019baa00000,0x00000019bab00000] [id=20316]
  0x000001c5a39d95a0 ConcurrentGCThread "G1 Service" [stack: 0x00000019b9500000,0x00000019b9600000] [id=24500]

Threads with active compile tasks:

VM state: not at safepoint (normal execution)

VM Mutex/Monitor currently owned by a thread: None

Heap address: 0x00000000fc000000, size: 64 MB, Compressed Oops mode: 32-bit

CDS archive(s) mapped at: [0x000001c5bd000000-0x000001c5bdbd0000-0x000001c5bdbd0000), size 12386304, SharedBaseAddress: 0x000001c5bd000000, ArchiveRelocationMode: 1.
Compressed class space mapped at: 0x000001c5be000000-0x000001c5fe000000, reserved size: 1073741824
Narrow klass base: 0x000001c5bd000000, Narrow klass shift: 0, Narrow klass range: 0x100000000

GC Precious Log:
 CPUs: 8 total, 8 available
 Memory: 7379M
 Large Page Support: Disabled
 NUMA Support: Disabled
 Compressed Oops: Enabled (32-bit)
 Heap Region Size: 1M
 Heap Min Capacity: 64M
 Heap Initial Capacity: 64M
 Heap Max Capacity: 64M
 Pre-touch: Disabled
 Parallel Workers: 8
 Concurrent Workers: 2
 Concurrent Refinement Workers: 8
 Periodic GC: Disabled

Heap:
 garbage-first heap   total 65536K, used 16814K [0x00000000fc000000, 0x0000000100000000)
  region size 1024K, 7 young (7168K), 3 survivors (3072K)
 Metaspace       used 10728K, committed 10944K, reserved 1114112K
  class space    used 1369K, committed 1472K, reserved 1048576K

Heap Regions: E=young(eden), S=young(survivor), O=old, HS=humongous(starts), HC=humongous(continues), CS=collection set, F=free, OA=open archive, CA=closed archive, TAMS=top-at-mark-start (previous, next)
|   0|0x00000000fc000000, 0x00000000fc100000, 0x00000000fc100000|100%|HS|  |TAMS 0x00000000fc000000, 0x00000000fc000000| Complete 
|   1|0x00000000fc100000, 0x00000000fc200000, 0x00000000fc200000|100%|HC|  |TAMS 0x00000000fc100000, 0x00000000fc100000| Complete 
|   2|0x00000000fc200000, 0x00000000fc300000, 0x00000000fc300000|100%|HC|  |TAMS 0x00000000fc200000, 0x00000000fc200000| Complete 
|   3|0x00000000fc300000, 0x00000000fc400000, 0x00000000fc400000|100%| O|  |TAMS 0x00000000fc300000, 0x00000000fc300000| Untracked 
|   4|0x00000000fc400000, 0x00000000fc500000, 0x00000000fc500000|100%| O|  |TAMS 0x00000000fc400000, 0x00000000fc400000| Untracked 
|   5|0x00000000fc500000, 0x00000000fc600000, 0x00000000fc600000|100%| O|  |TAMS 0x00000000fc500000, 0x00000000fc500000| Untracked 
|   6|0x00000000fc600000, 0x00000000fc700000, 0x00000000fc700000|100%| O|  |TAMS 0x00000000fc600000, 0x00000000fc600000| Untracked 
|   7|0x00000000fc700000, 0x00000000fc800000, 0x00000000fc800000|100%| O|  |TAMS 0x00000000fc700000, 0x00000000fc700000| Untracked 
|   8|0x00000000fc800000, 0x00000000fc900000, 0x00000000fc900000|100%| O|  |TAMS 0x00000000fc800000, 0x00000000fc800000| Untracked 
|   9|0x00000000fc900000, 0x00000000fca00000, 0x00000000fca00000|100%| O|  |TAMS 0x00000000fc900000, 0x00000000fc900000| Untracked 
|  10|0x00000000fca00000, 0x00000000fcaf1600, 0x00000000fcb00000| 94%| O|  |TAMS 0x00000000fca00000, 0x00000000fca00000| Untracked 
|  11|0x00000000fcb00000, 0x00000000fcb00000, 0x00000000fcc00000|  0%| F|  |TAMS 0x00000000fcb00000, 0x00000000fcb00000| Untracked 
|  12|0x00000000fcc00000, 0x00000000fcc00000, 0x00000000fcd00000|  0%| F|  |TAMS 0x00000000fcc00000, 0x00000000fcc00000| Untracked 
|  13|0x00000000fcd00000, 0x00000000fcd00000, 0x00000000fce00000|  0%| F|  |TAMS 0x00000000fcd00000, 0x00000000fcd00000| Untracked 
|  14|0x00000000fce00000, 0x00000000fce00000, 0x00000000fcf00000|  0%| F|  |TAMS 0x00000000fce00000, 0x00000000fce00000| Untracked 
|  15|0x00000000fcf00000, 0x00000000fcf00000, 0x00000000fd000000|  0%| F|  |TAMS 0x00000000fcf00000, 0x00000000fcf00000| Untracked 
|  16|0x00000000fd000000, 0x00000000fd000000, 0x00000000fd100000|  0%| F|  |TAMS 0x00000000fd000000, 0x00000000fd000000| Untracked 
|  17|0x00000000fd100000, 0x00000000fd100000, 0x00000000fd200000|  0%| F|  |TAMS 0x00000000fd100000, 0x00000000fd100000| Untracked 
|  18|0x00000000fd200000, 0x00000000fd200000, 0x00000000fd300000|  0%| F|  |TAMS 0x00000000fd200000, 0x00000000fd200000| Untracked 
|  19|0x00000000fd300000, 0x00000000fd300000, 0x00000000fd400000|  0%| F|  |TAMS 0x00000000fd300000, 0x00000000fd300000| Untracked 
|  20|0x00000000fd400000, 0x00000000fd400000, 0x00000000fd500000|  0%| F|  |TAMS 0x00000000fd400000, 0x00000000fd400000| Untracked 
|  21|0x00000000fd500000, 0x00000000fd500000, 0x00000000fd600000|  0%| F|  |TAMS 0x00000000fd500000, 0x00000000fd500000| Untracked 
|  22|0x00000000fd600000, 0x00000000fd600000, 0x00000000fd700000|  0%| F|  |TAMS 0x00000000fd600000, 0x00000000fd600000| Untracked 
|  23|0x00000000fd700000, 0x00000000fd700000, 0x00000000fd800000|  0%| F|  |TAMS 0x00000000fd700000, 0x00000000fd700000| Untracked 
|  24|0x00000000fd800000, 0x00000000fd800000, 0x00000000fd900000|  0%| F|  |TAMS 0x00000000fd800000, 0x00000000fd800000| Untracked 
|  25|0x00000000fd900000, 0x00000000fd900000, 0x00000000fda00000|  0%| F|  |TAMS 0x00000000fd900000, 0x00000000fd900000| Untracked 
|  26|0x00000000fda00000, 0x00000000fda00000, 0x00000000fdb00000|  0%| F|  |TAMS 0x00000000fda00000, 0x00000000fda00000| Untracked 
|  27|0x00000000fdb00000, 0x00000000fdb00000, 0x00000000fdc00000|  0%| F|  |TAMS 0x00000000fdb00000, 0x00000000fdb00000| Untracked 
|  28|0x00000000fdc00000, 0x00000000fdc00000, 0x00000000fdd00000|  0%| F|  |TAMS 0x00000000fdc00000, 0x00000000fdc00000| Untracked 
|  29|0x00000000fdd00000, 0x00000000fdd00000, 0x00000000fde00000|  0%| F|  |TAMS 0x00000000fdd00000, 0x00000000fdd00000| Untracked 
|  30|0x00000000fde00000, 0x00000000fde00000, 0x00000000fdf00000|  0%| F|  |TAMS 0x00000000fde00000, 0x00000000fde00000| Untracked 
|  31|0x00000000fdf00000, 0x00000000fdf00000, 0x00000000fe000000|  0%| F|  |TAMS 0x00000000fdf00000, 0x00000000fdf00000| Untracked 
|  32|0x00000000fe000000, 0x00000000fe000000, 0x00000000fe100000|  0%| F|  |TAMS 0x00000000fe000000, 0x00000000fe000000| Untracked 
|  33|0x00000000fe100000, 0x00000000fe100000, 0x00000000fe200000|  0%| F|  |TAMS 0x00000000fe100000, 0x00000000fe100000| Untracked 
|  34|0x00000000fe200000, 0x00000000fe27a2c0, 0x00000000fe300000| 47%| S|CS|TAMS 0x00000000fe200000, 0x00000000fe200000| Complete 
|  35|0x00000000fe300000, 0x00000000fe400000, 0x00000000fe400000|100%| S|CS|TAMS 0x00000000fe300000, 0x00000000fe300000| Complete 
|  36|0x00000000fe400000, 0x00000000fe500000, 0x00000000fe500000|100%| S|CS|TAMS 0x00000000fe400000, 0x00000000fe400000| Complete 
|  37|0x00000000fe500000, 0x00000000fe500000, 0x00000000fe600000|  0%| F|  |TAMS 0x00000000fe500000, 0x00000000fe500000| Untracked 
|  38|0x00000000fe600000, 0x00000000fe600000, 0x00000000fe700000|  0%| F|  |TAMS 0x00000000fe600000, 0x00000000fe600000| Untracked 
|  39|0x00000000fe700000, 0x00000000fe700000, 0x00000000fe800000|  0%| F|  |TAMS 0x00000000fe700000, 0x00000000fe700000| Untracked 
|  40|0x00000000fe800000, 0x00000000fe800000, 0x00000000fe900000|  0%| F|  |TAMS 0x00000000fe800000, 0x00000000fe800000| Untracked 
|  41|0x00000000fe900000, 0x00000000fe900000, 0x00000000fea00000|  0%| F|  |TAMS 0x00000000fe900000, 0x00000000fe900000| Untracked 
|  42|0x00000000fea00000, 0x00000000fea00000, 0x00000000feb00000|  0%| F|  |TAMS 0x00000000fea00000, 0x00000000fea00000| Untracked 
|  43|0x00000000feb00000, 0x00000000feb00000, 0x00000000fec00000|  0%| F|  |TAMS 0x00000000feb00000, 0x00000000feb00000| Untracked 
|  44|0x00000000fec00000, 0x00000000fec00000, 0x00000000fed00000|  0%| F|  |TAMS 0x00000000fec00000, 0x00000000fec00000| Untracked 
|  45|0x00000000fed00000, 0x00000000fed00000, 0x00000000fee00000|  0%| F|  |TAMS 0x00000000fed00000, 0x00000000fed00000| Untracked 
|  46|0x00000000fee00000, 0x00000000fee00000, 0x00000000fef00000|  0%| F|  |TAMS 0x00000000fee00000, 0x00000000fee00000| Untracked 
|  47|0x00000000fef00000, 0x00000000fef00000, 0x00000000ff000000|  0%| F|  |TAMS 0x00000000fef00000, 0x00000000fef00000| Untracked 
|  48|0x00000000ff000000, 0x00000000ff000000, 0x00000000ff100000|  0%| F|  |TAMS 0x00000000ff000000, 0x00000000ff000000| Untracked 
|  49|0x00000000ff100000, 0x00000000ff100000, 0x00000000ff200000|  0%| F|  |TAMS 0x00000000ff100000, 0x00000000ff100000| Untracked 
|  50|0x00000000ff200000, 0x00000000ff200000, 0x00000000ff300000|  0%| F|  |TAMS 0x00000000ff200000, 0x00000000ff200000| Untracked 
|  51|0x00000000ff300000, 0x00000000ff300000, 0x00000000ff400000|  0%| F|  |TAMS 0x00000000ff300000, 0x00000000ff300000| Untracked 
|  52|0x00000000ff400000, 0x00000000ff400000, 0x00000000ff500000|  0%| F|  |TAMS 0x00000000ff400000, 0x00000000ff400000| Untracked 
|  53|0x00000000ff500000, 0x00000000ff500000, 0x00000000ff600000|  0%| F|  |TAMS 0x00000000ff500000, 0x00000000ff500000| Untracked 
|  54|0x00000000ff600000, 0x00000000ff600000, 0x00000000ff700000|  0%| F|  |TAMS 0x00000000ff600000, 0x00000000ff600000| Untracked 
|  55|0x00000000ff700000, 0x00000000ff700000, 0x00000000ff800000|  0%| F|  |TAMS 0x00000000ff700000, 0x00000000ff700000| Untracked 
|  56|0x00000000ff800000, 0x00000000ff800000, 0x00000000ff900000|  0%| F|  |TAMS 0x00000000ff800000, 0x00000000ff800000| Untracked 
|  57|0x00000000ff900000, 0x00000000ff900000, 0x00000000ffa00000|  0%| F|  |TAMS 0x00000000ff900000, 0x00000000ff900000| Untracked 
|  58|0x00000000ffa00000, 0x00000000ffa00000, 0x00000000ffb00000|  0%| F|  |TAMS 0x00000000ffa00000, 0x00000000ffa00000| Untracked 
|  59|0x00000000ffb00000, 0x00000000ffb00000, 0x00000000ffc00000|  0%| F|  |TAMS 0x00000000ffb00000, 0x00000000ffb00000| Untracked 
|  60|0x00000000ffc00000, 0x00000000ffc93d00, 0x00000000ffd00000| 57%| E|  |TAMS 0x00000000ffc00000, 0x00000000ffc00000| Complete 
|  61|0x00000000ffd00000, 0x00000000ffe00000, 0x00000000ffe00000|100%| E|CS|TAMS 0x00000000ffd00000, 0x00000000ffd00000| Complete 
|  62|0x00000000ffe00000, 0x00000000fff00000, 0x00000000fff00000|100%| E|CS|TAMS 0x00000000ffe00000, 0x00000000ffe00000| Complete 
|  63|0x00000000fff00000, 0x0000000100000000, 0x0000000100000000|100%| E|CS|TAMS 0x00000000fff00000, 0x00000000fff00000| Complete 

Card table byte_map: [0x000001c5a18f0000,0x000001c5a1910000] _byte_map_base: 0x000001c5a1110000

Marking Bits (Prev, Next): (CMBitMap*) 0x000001c5a3976260, (CMBitMap*) 0x000001c5a39762a0
 Prev Bits: [0x000001c5ba550000, 0x000001c5ba650000)
 Next Bits: [0x000001c5ba650000, 0x000001c5ba750000)

Polling page: 0x000001c5a18a0000

Metaspace:

Usage:
  Non-class:      9.14 MB used.
      Class:      1.34 MB used.
       Both:     10.48 MB used.

Virtual space:
  Non-class space:       64.00 MB reserved,       9.25 MB ( 14%) committed,  1 nodes.
      Class space:        1.00 GB reserved,       1.44 MB ( <1%) committed,  1 nodes.
             Both:        1.06 GB reserved,      10.69 MB ( <1%) committed. 

Chunk freelists:
   Non-Class:  6.26 MB
       Class:  14.44 MB
        Both:  20.70 MB

MaxMetaspaceSize: unlimited
CompressedClassSpaceSize: 1.00 GB
Initial GC threshold: 21.00 MB
Current GC threshold: 21.00 MB
CDS: on
MetaspaceReclaimPolicy: balanced
 - commit_granule_bytes: 65536.
 - commit_granule_words: 8192.
 - virtual_space_node_default_size: 8388608.
 - enlarge_chunks_in_place: 1.
 - new_chunks_are_fully_committed: 0.
 - uncommit_free_chunks: 1.
 - use_allocation_guard: 0.
 - handle_deallocations: 1.


Internal statistics:

num_allocs_failed_limit: 0.
num_arena_births: 94.
num_arena_deaths: 0.
num_vsnodes_births: 2.
num_vsnodes_deaths: 0.
num_space_committed: 171.
num_space_uncommitted: 0.
num_chunks_returned_to_freelist: 0.
num_chunks_taken_from_freelist: 381.
num_chunk_merges: 0.
num_chunk_splits: 248.
num_chunks_enlarged: 201.
num_inconsistent_stats: 0.

CodeHeap 'non-profiled nmethods': size=120000Kb used=1348Kb max_used=1348Kb free=118651Kb
 bounds [0x000001c5b2cf0000, 0x000001c5b2f60000, 0x000001c5ba220000]
CodeHeap 'profiled nmethods': size=120000Kb used=4467Kb max_used=4467Kb free=115532Kb
 bounds [0x000001c5ab220000, 0x000001c5ab680000, 0x000001c5b2750000]
CodeHeap 'non-nmethods': size=5760Kb used=1189Kb max_used=1242Kb free=4570Kb
 bounds [0x000001c5b2750000, 0x000001c5b29c0000, 0x000001c5b2cf0000]
 total_blobs=2841 nmethods=2350 adapters=404
 compilation: enabled
              stopped_count=0, restarted_count=0
 full_count=0

Compilation events (20 events):
Event: 229.472 Thread 0x000001c5fe128ca0 2341       3       com.google.common.collect.ImmutableCollection::<init> (5 bytes)
Event: 229.472 Thread 0x000001c5fe128ca0 nmethod 2341 0x000001c5ab679e90 code [0x000001c5ab67a040, 0x000001c5ab67a1f8]
Event: 232.538 Thread 0x000001c5fe128ca0 2342       3       org.fusesource.jansi.Ansi::fg (17 bytes)
Event: 232.539 Thread 0x000001c5fe128ca0 nmethod 2342 0x000001c5ab67a310 code [0x000001c5ab67a520, 0x000001c5ab67acc8]
Event: 232.539 Thread 0x000001c5fe128ca0 2343       3       org.fusesource.jansi.Ansi$Color::fg (8 bytes)
Event: 232.539 Thread 0x000001c5fe128ca0 nmethod 2343 0x000001c5ab67b010 code [0x000001c5ab67b1a0, 0x000001c5ab67b2b8]
Event: 234.599 Thread 0x000001c5fe123620 2344       4       java.nio.ByteBuffer::position (8 bytes)
Event: 234.600 Thread 0x000001c5fe123620 nmethod 2344 0x000001c5b2e2e810 code [0x000001c5b2e2e980, 0x000001c5b2e2ea58]
Event: 235.424 Thread 0x000001c5fe123620 2345       4       org.gradle.internal.logging.console.MultiLineBuildProgressArea::redraw (203 bytes)
Event: 236.533 Thread 0x000001c5fe123620 nmethod 2345 0x000001c5b2e2eb90 code [0x000001c5b2e2f1e0, 0x000001c5b2e38cb0]
Event: 259.273 Thread 0x000001c5fe123620 2346       4       org.fusesource.jansi.Ansi::appendEscapeSequence (44 bytes)
Event: 259.342 Thread 0x000001c5fe123620 nmethod 2346 0x000001c5b2e3e410 code [0x000001c5b2e3e620, 0x000001c5b2e40030]
Event: 263.342 Thread 0x000001c5fe128ca0 2347       3       java.lang.ref.ReferenceQueue::reallyPoll (65 bytes)
Event: 263.342 Thread 0x000001c5fe128ca0 nmethod 2347 0x000001c5ab67b390 code [0x000001c5ab67b560, 0x000001c5ab67ba98]
Event: 267.439 Thread 0x000001c5fe128ca0 2348       3       com.google.common.collect.ImmutableList::asImmutableList (69 bytes)
Event: 267.450 Thread 0x000001c5fe128ca0 nmethod 2348 0x000001c5ab67bb90 code [0x000001c5ab67bdc0, 0x000001c5ab67c588]
Event: 269.668 Thread 0x000001c5fe123620 2349       4       org.gradle.internal.logging.text.AbstractLineChoppingStyledTextOutput$StateContext::isCurrentCharEquals (70 bytes)
Event: 269.670 Thread 0x000001c5fe123620 nmethod 2349 0x000001c5b2e40c90 code [0x000001c5b2e40e20, 0x000001c5b2e40f68]
Event: 269.670 Thread 0x000001c5fe128ca0 2350       3       org.gradle.internal.logging.console.DefaultRedrawableLabel::isOverlappingWith (34 bytes)
Event: 269.670 Thread 0x000001c5fe128ca0 nmethod 2350 0x000001c5ab67c890 code [0x000001c5ab67ca20, 0x000001c5ab67cbd8]

GC Heap History (6 events):
Event: 1.475 GC heap before
{Heap before GC invocations=0 (full 0):
 garbage-first heap   total 65536K, used 23552K [0x00000000fc000000, 0x0000000100000000)
  region size 1024K, 23 young (23552K), 0 survivors (0K)
 Metaspace       used 1737K, committed 1856K, reserved 1114112K
  class space    used 158K, committed 192K, reserved 1048576K
}
Event: 1.480 GC heap after
{Heap after GC invocations=1 (full 0):
 garbage-first heap   total 65536K, used 1920K [0x00000000fc000000, 0x0000000100000000)
  region size 1024K, 2 young (2048K), 2 survivors (2048K)
 Metaspace       used 1737K, committed 1856K, reserved 1114112K
  class space    used 158K, committed 192K, reserved 1048576K
}
Event: 4.708 GC heap before
{Heap before GC invocations=1 (full 0):
 garbage-first heap   total 65536K, used 35712K [0x00000000fc000000, 0x0000000100000000)
  region size 1024K, 32 young (32768K), 2 survivors (2048K)
 Metaspace       used 7702K, committed 7872K, reserved 1114112K
  class space    used 1049K, committed 1152K, reserved 1048576K
}
Event: 4.714 GC heap after
{Heap after GC invocations=2 (full 0):
 garbage-first heap   total 65536K, used 11063K [0x00000000fc000000, 0x0000000100000000)
  region size 1024K, 4 young (4096K), 4 survivors (4096K)
 Metaspace       used 7702K, committed 7872K, reserved 1114112K
  class space    used 1049K, committed 1152K, reserved 1048576K
}
Event: 203.286 GC heap before
{Heap before GC invocations=2 (full 0):
 garbage-first heap   total 65536K, used 38711K [0x00000000fc000000, 0x0000000100000000)
  region size 1024K, 31 young (31744K), 4 survivors (4096K)
 Metaspace       used 10719K, committed 10944K, reserved 1114112K
  class space    used 1369K, committed 1472K, reserved 1048576K
}
Event: 203.337 GC heap after
{Heap after GC invocations=3 (full 0):
 garbage-first heap   total 65536K, used 13742K [0x00000000fc000000, 0x0000000100000000)
  region size 1024K, 3 young (3072K), 3 survivors (3072K)
 Metaspace       used 10719K, committed 10944K, reserved 1114112K
  class space    used 1369K, committed 1472K, reserved 1048576K
}

Deoptimization events (20 events):
Event: 157.099 Thread 0x000001c5a3954730 Uncommon trap: reason=unstable_if action=reinterpret pc=0x000001c5b2df3bf0 method=org.gradle.internal.logging.sink.OutputEventTransformer.onOutput(Lorg/gradle/internal/logging/events/OutputEvent;)V @ 99 c2
Event: 157.099 Thread 0x000001c5a3954730 DEOPT PACKING pc=0x000001c5b2df3bf0 sp=0x00000019b90fd760
Event: 157.099 Thread 0x000001c5a3954730 DEOPT UNPACKING pc=0x000001c5b27a23a3 sp=0x00000019b90fd768 mode 2
Event: 157.141 Thread 0x000001c5ff1603a0 Uncommon trap: trap_request=0xffffff45 fr.pc=0x000001c5b2ddbfb8 relative=0x0000000000001238
Event: 157.141 Thread 0x000001c5ff1603a0 Uncommon trap: reason=unstable_if action=reinterpret pc=0x000001c5b2ddbfb8 method=org.gradle.internal.logging.console.BuildStatusRenderer.onOutput(Lorg/gradle/internal/logging/events/OutputEvent;)V @ 155 c2
Event: 157.141 Thread 0x000001c5ff1603a0 DEOPT PACKING pc=0x000001c5b2ddbfb8 sp=0x00000019ba3ff0f0
Event: 157.141 Thread 0x000001c5ff1603a0 DEOPT UNPACKING pc=0x000001c5b27a23a3 sp=0x00000019ba3ff100 mode 2
Event: 174.786 Thread 0x000001c5ff1603a0 Uncommon trap: trap_request=0xffffff45 fr.pc=0x000001c5b2dde460 relative=0x0000000000000d40
Event: 174.786 Thread 0x000001c5ff1603a0 Uncommon trap: reason=unstable_if action=reinterpret pc=0x000001c5b2dde460 method=org.gradle.internal.logging.sink.GroupingProgressLogEventGenerator.onOutput(Lorg/gradle/internal/logging/events/OutputEvent;)V @ 22 c2
Event: 174.786 Thread 0x000001c5ff1603a0 DEOPT PACKING pc=0x000001c5b2dde460 sp=0x00000019ba3ff070
Event: 174.786 Thread 0x000001c5ff1603a0 DEOPT UNPACKING pc=0x000001c5b27a23a3 sp=0x00000019ba3fefa8 mode 2
Event: 175.235 Thread 0x000001c5ff1603a0 Uncommon trap: trap_request=0xffffff45 fr.pc=0x000001c5b2dd58fc relative=0x000000000000007c
Event: 175.235 Thread 0x000001c5ff1603a0 Uncommon trap: reason=unstable_if action=reinterpret pc=0x000001c5b2dd58fc method=org.gradle.internal.operations.OperationIdentifier.equals(Ljava/lang/Object;)Z @ 2 c2
Event: 175.235 Thread 0x000001c5ff1603a0 DEOPT PACKING pc=0x000001c5b2dd58fc sp=0x00000019ba3fef00
Event: 175.235 Thread 0x000001c5ff1603a0 DEOPT UNPACKING pc=0x000001c5b27a23a3 sp=0x00000019ba3fee90 mode 2
Event: 175.558 Thread 0x000001c5a3954730 DEOPT PACKING pc=0x000001c5ab663534 sp=0x00000019b90fd760
Event: 175.558 Thread 0x000001c5a3954730 DEOPT UNPACKING pc=0x000001c5b27a2b43 sp=0x00000019b90fcbd8 mode 0
Event: 278.627 Thread 0x000001c5ff1603a0 Uncommon trap: trap_request=0xffffff45 fr.pc=0x000001c5b2e10048 relative=0x0000000000004968
Event: 278.628 Thread 0x000001c5ff1603a0 Uncommon trap: reason=unstable_if action=reinterpret pc=0x000001c5b2e10048 method=net.rubygrapefruit.platform.internal.FunctionResult.isFailed()Z @ 4 c2
Event: 278.630 Thread 0x000001c5ff1603a0 DEOPT PACKING pc=0x000001c5b2e10048 sp=0x00000019ba3fefe0

Classes unloaded (0 events):
No events

Classes redefined (0 events):
No events

Internal exceptions (20 events):
Event: 2.848 Thread 0x000001c5a3954730 Exception <a 'java/lang/NoClassDefFoundError'{0x00000000ff012dd8}: org/slf4j/impl/StaticMarkerBinder> (0x00000000ff012dd8) 
thrown [s\open\src\hotspot\share\classfile\systemDictionary.cpp, line 245]
Event: 2.960 Thread 0x000001c5a3954730 Exception <a 'java/lang/NoSuchMethodError'{0x00000000fef36d30}: 'java.lang.Object java.lang.invoke.Invokers$Holder.invoker(java.lang.Object, java.lang.Object, java.lang.Object)'> (0x00000000fef36d30) 
thrown [s\open\src\hotspot\share\interpreter\linkResolver.cpp, line 759]
Event: 2.964 Thread 0x000001c5a3954730 Exception <a 'java/lang/NoSuchMethodError'{0x00000000fef3fe88}: 'java.lang.Object java.lang.invoke.DirectMethodHandle$Holder.invokeStatic(java.lang.Object, java.lang.Object, int)'> (0x00000000fef3fe88) 
thrown [s\open\src\hotspot\share\interpreter\linkResolver.cpp, line 759]
Event: 2.967 Thread 0x000001c5a3954730 Exception <a 'java/lang/NoSuchMethodError'{0x00000000fef4bb78}: 'void java.lang.invoke.DelegatingMethodHandle$Holder.delegate(java.lang.Object, java.lang.Object, int, java.lang.Object)'> (0x00000000fef4bb78) 
thrown [s\open\src\hotspot\share\interpreter\linkResolver.cpp, line 759]
Event: 2.973 Thread 0x000001c5a3954730 Exception <a 'java/lang/NoSuchMethodError'{0x00000000fef5f1c0}: 'java.lang.Object java.lang.invoke.Invokers$Holder.invokeExact_MT(java.lang.Object, java.lang.Object, java.lang.Object, java.lang.Object)'> (0x00000000fef5f1c0) 
thrown [s\open\src\hotspot\share\interpreter\linkResolver.cpp, line 759]
Event: 3.009 Thread 0x000001c5a3954730 Exception <a 'java/lang/NoSuchMethodError'{0x00000000fef81830}: 'java.lang.Object java.lang.invoke.DirectMethodHandle$Holder.invokeVirtual(java.lang.Object, java.lang.Object, java.lang.Object)'> (0x00000000fef81830) 
thrown [s\open\src\hotspot\share\interpreter\linkResolver.cpp, line 759]
Event: 3.446 Thread 0x000001c5a3954730 Exception <a 'java/lang/NoSuchMethodError'{0x00000000febeef38}: 'java.lang.Object java.lang.invoke.DirectMethodHandle$Holder.newInvokeSpecial(java.lang.Object, java.lang.Object, java.lang.Object, java.lang.Object, java.lang.Object)'> (0x00000000febeef38) 
thrown [s\open\src\hotspot\share\interpreter\linkResolver.cpp, line 759]
Event: 3.509 Thread 0x000001c5a3954730 Exception <a 'java/lang/NoSuchMethodError'{0x00000000fe96a540}: 'void java.lang.invoke.DirectMethodHandle$Holder.invokeSpecial(java.lang.Object, java.lang.Object, java.lang.Object)'> (0x00000000fe96a540) 
thrown [s\open\src\hotspot\share\interpreter\linkResolver.cpp, line 759]
Event: 4.200 Thread 0x000001c5a3954730 Exception <a 'java/lang/NoSuchMethodError'{0x00000000fe58f780}: 'void java.lang.invoke.DirectMethodHandle$Holder.invokeStatic(java.lang.Object, java.lang.Object, java.lang.Object)'> (0x00000000fe58f780) 
thrown [s\open\src\hotspot\share\interpreter\linkResolver.cpp, line 759]
Event: 4.403 Thread 0x000001c5a3954730 Exception <a 'java/lang/NoSuchMethodError'{0x00000000fe2292c0}: 'java.lang.Object java.lang.invoke.DirectMethodHandle$Holder.newInvokeSpecial(java.lang.Object, java.lang.Object, java.lang.Object, java.lang.Object, java.lang.Object, java.lang.Object, java.lang.Object, java.lang.Object, java.lang.Object, java.lang.Object, java.lang.Object, java.lang.Object, java.lang.Object, java.lang.Object, java.lang.Object, java.lang.Object, java.lang.Object, java.lang.Object, java.lang.Object, java.lang.Object, java.lang
Event: 4.405 Thread 0x000001c5a3954730 Exception <a 'java/lang/NoSuchMethodError'{0x00000000fe2358c8}: 'java.lang.Object java.lang.invoke.Invokers$Holder.linkToTargetMethod(java.lang.Object, java.lang.Object, java.lang.Object, java.lang.Object, java.lang.Object, java.lang.Object, java.lang.Object, java.lang.Object, java.lang.Object, java.lang.Object, java.lang.Object, java.lang.Object, java.lang.Object, java.lang.Object, java.lang.Object, java.lang.Object, java.lang.Object, java.lang.Object, java.lang.Object, java.lang.Object, java.lang.Object,
Event: 4.584 Thread 0x000001c5a3954730 Exception <a 'java/lang/NoSuchMethodError'{0x00000000fe099950}: 'java.lang.Object java.lang.invoke.DirectMethodHandle$Holder.invokeStaticInit(java.lang.Object, int, int, int, int)'> (0x00000000fe099950) 
thrown [s\open\src\hotspot\share\interpreter\linkResolver.cpp, line 759]
Event: 4.727 Thread 0x000001c5a3954730 Exception <a 'java/lang/NoSuchMethodError'{0x00000000fff6f868}: 'java.lang.Object java.lang.invoke.DirectMethodHandle$Holder.invokeStaticInit(java.lang.Object, java.lang.Object, int, int, int, int)'> (0x00000000fff6f868) 
thrown [s\open\src\hotspot\share\interpreter\linkResolver.cpp, line 759]
Event: 4.801 Thread 0x000001c5a3954730 Implicit null exception at 0x000001c5b2d376f2 to 0x000001c5b2d37cc0
Event: 4.829 Thread 0x000001c5a3954730 Exception <a 'java/net/ConnectException'{0x00000000ffea23c8}: Connection refused: no further information> (0x00000000ffea23c8) 
thrown [s\open\src\hotspot\share\prims\jni.cpp, line 535]
Event: 6.001 Thread 0x000001c5ff11a190 Exception <a 'java/lang/NoSuchMethodError'{0x00000000ff6932c8}: 'void java.lang.invoke.DirectMethodHandle$Holder.invokeStatic(java.lang.Object, long)'> (0x00000000ff6932c8) 
thrown [s\open\src\hotspot\share\interpreter\linkResolver.cpp, line 759]
Event: 6.003 Thread 0x000001c5ff11a190 Exception <a 'java/lang/NoSuchMethodError'{0x00000000ff698c20}: 'java.lang.Object java.lang.invoke.DirectMethodHandle$Holder.newInvokeSpecial(java.lang.Object, long)'> (0x00000000ff698c20) 
thrown [s\open\src\hotspot\share\interpreter\linkResolver.cpp, line 759]
Event: 6.011 Thread 0x000001c5ff11a190 Exception <a 'java/lang/NoSuchMethodError'{0x00000000ff6a37c8}: 'java.lang.Object java.lang.invoke.DirectMethodHandle$Holder.invokeStaticInit(java.lang.Object, java.lang.Object, long, java.lang.Object)'> (0x00000000ff6a37c8) 
thrown [s\open\src\hotspot\share\interpreter\linkResolver.cpp, line 759]
Event: 6.014 Thread 0x000001c5ff11a190 Exception <a 'java/lang/NoSuchMethodError'{0x00000000ff6a9e50}: 'java.lang.Object java.lang.invoke.DirectMethodHandle$Holder.newInvokeSpecial(java.lang.Object, java.lang.Object, long)'> (0x00000000ff6a9e50) 
thrown [s\open\src\hotspot\share\interpreter\linkResolver.cpp, line 759]
Event: 6.015 Thread 0x000001c5ff11a190 Exception <a 'java/lang/NoSuchMethodError'{0x00000000ff6ae140}: 'java.lang.Object java.lang.invoke.Invokers$Holder.linkToTargetMethod(java.lang.Object, long, java.lang.Object)'> (0x00000000ff6ae140) 
thrown [s\open\src\hotspot\share\interpreter\linkResolver.cpp, line 759]

VM Operations (20 events):
Event: 178.903 Executing VM operation: Cleanup
Event: 178.903 Executing VM operation: Cleanup done
Event: 180.547 Executing VM operation: HandshakeAllThreads
Event: 180.547 Executing VM operation: HandshakeAllThreads done
Event: 185.579 Executing VM operation: Cleanup
Event: 185.579 Executing VM operation: Cleanup done
Event: 203.247 Executing VM operation: G1CollectForAllocation
Event: 203.338 Executing VM operation: G1CollectForAllocation done
Event: 205.361 Executing VM operation: Cleanup
Event: 205.361 Executing VM operation: Cleanup done
Event: 212.449 Executing VM operation: Cleanup
Event: 212.449 Executing VM operation: Cleanup done
Event: 234.607 Executing VM operation: Cleanup
Event: 234.608 Executing VM operation: Cleanup done
Event: 237.639 Executing VM operation: Cleanup
Event: 237.639 Executing VM operation: Cleanup done
Event: 240.779 Executing VM operation: HandshakeAllThreads
Event: 240.785 Executing VM operation: HandshakeAllThreads done
Event: 270.089 Executing VM operation: Cleanup
Event: 270.089 Executing VM operation: Cleanup done

Events (20 events):
Event: 174.040 loading class jdk/internal/logger/LazyLoggers$LazyLoggerFactories
Event: 174.048 loading class jdk/internal/logger/LazyLoggers$LazyLoggerFactories done
Event: 174.062 loading class jdk/internal/logger/LoggerFinderLoader
Event: 174.065 loading class jdk/internal/logger/LoggerFinderLoader done
Event: 174.069 loading class jdk/internal/logger/LoggerFinderLoader$TemporaryLoggerFinder
Event: 174.115 loading class jdk/internal/logger/LoggerFinderLoader$TemporaryLoggerFinder done
Event: 174.217 loading class sun/util/logging/internal/LoggingProviderImpl$JULWrapper
Event: 174.233 loading class sun/util/logging/PlatformLogger$ConfigurableBridge$LoggerConfiguration
Event: 174.233 loading class sun/util/logging/PlatformLogger$ConfigurableBridge$LoggerConfiguration done
Event: 174.233 loading class sun/util/logging/internal/LoggingProviderImpl$JULWrapper done
Event: 174.239 loading class java/io/ObjectInputFilter
Event: 174.242 loading class java/io/ObjectInputFilter done
Event: 174.243 loading class java/io/ObjectInputFilter$Config$BuiltinFilterFactory
Event: 174.243 loading class java/io/ObjectInputFilter$Config$BuiltinFilterFactory done
Event: 174.243 loading class jdk/internal/access/JavaObjectInputFilterAccess
Event: 174.243 loading class jdk/internal/access/JavaObjectInputFilterAccess done
Event: 174.248 loading class java/lang/System$Logger$Level
Event: 174.249 loading class java/lang/System$Logger$Level done
Event: 174.250 loading class java/io/Bits
Event: 174.250 loading class java/io/Bits done


Dynamic libraries:
0x00007ff646ef0000 - 0x00007ff646f00000 	C:\Program Files\Java\jdk-17\bin\java.exe
0x00007ff9be6c0000 - 0x00007ff9be928000 	C:\Windows\SYSTEM32\ntdll.dll
0x00007ff9bcb80000 - 0x00007ff9bcc49000 	C:\Windows\System32\KERNEL32.DLL
0x00007ff9bbef0000 - 0x00007ff9bc2dd000 	C:\Windows\System32\KERNELBASE.dll
0x00007ff9bba00000 - 0x00007ff9bbb4b000 	C:\Windows\System32\ucrtbase.dll
0x00007ff9ac3a0000 - 0x00007ff9ac3b9000 	C:\Program Files\Java\jdk-17\bin\jli.dll
0x00007ff9ab640000 - 0x00007ff9ab65b000 	C:\Program Files\Java\jdk-17\bin\VCRUNTIME140.dll
0x00007ff9bc7a0000 - 0x00007ff9bc854000 	C:\Windows\System32\ADVAPI32.dll
0x00007ff9bc9c0000 - 0x00007ff9bca69000 	C:\Windows\System32\msvcrt.dll
0x00007ff9bce80000 - 0x00007ff9bcf26000 	C:\Windows\System32\sechost.dll
0x00007ff9bcf80000 - 0x00007ff9bd098000 	C:\Windows\System32\RPCRT4.dll
0x00007ff9bc5d0000 - 0x00007ff9bc79c000 	C:\Windows\System32\USER32.dll
0x00007ff9bbbe0000 - 0x00007ff9bbc07000 	C:\Windows\System32\win32u.dll
0x00007ff9a68c0000 - 0x00007ff9a6b5a000 	C:\Windows\WinSxS\amd64_microsoft.windows.common-controls_6595b64144ccf1df_6.0.26100.4484_none_3e0e6d4ce32ef3b3\COMCTL32.dll
0x00007ff9bc990000 - 0x00007ff9bc9bb000 	C:\Windows\System32\GDI32.dll
0x00007ff9bb810000 - 0x00007ff9bb947000 	C:\Windows\System32\gdi32full.dll
0x00007ff9bb950000 - 0x00007ff9bb9f3000 	C:\Windows\System32\msvcp_win.dll
0x00007ff9b2b60000 - 0x00007ff9b2b6b000 	C:\Windows\SYSTEM32\VERSION.dll
0x00007ff9bc860000 - 0x00007ff9bc88f000 	C:\Windows\System32\IMM32.DLL
0x00007ff9ac390000 - 0x00007ff9ac39c000 	C:\Program Files\Java\jdk-17\bin\vcruntime140_1.dll
0x00007ff99dcc0000 - 0x00007ff99dd4e000 	C:\Program Files\Java\jdk-17\bin\msvcp140.dll
0x00007ff9668f0000 - 0x00007ff9674d1000 	C:\Program Files\Java\jdk-17\bin\server\jvm.dll
0x00007ff9bce70000 - 0x00007ff9bce78000 	C:\Windows\System32\PSAPI.DLL
0x00007ff9ab630000 - 0x00007ff9ab63a000 	C:\Windows\SYSTEM32\WSOCK32.dll
0x00007ff9bcb00000 - 0x00007ff9bcb74000 	C:\Windows\System32\WS2_32.dll
0x00007ff9b2b70000 - 0x00007ff9b2ba5000 	C:\Windows\SYSTEM32\WINMM.dll
0x00007ff9ba5b0000 - 0x00007ff9ba5cb000 	C:\Windows\SYSTEM32\kernel.appcore.dll
0x00007ff9ab4b0000 - 0x00007ff9ab4ba000 	C:\Program Files\Java\jdk-17\bin\jimage.dll
0x00007ff9b9030000 - 0x00007ff9b9271000 	C:\Windows\SYSTEM32\DBGHELP.DLL
0x00007ff9bdc70000 - 0x00007ff9bdff6000 	C:\Windows\System32\combase.dll
0x00007ff9bd280000 - 0x00007ff9bd360000 	C:\Windows\System32\OLEAUT32.dll
0x00007ff9a3a00000 - 0x00007ff9a3a43000 	C:\Windows\SYSTEM32\dbgcore.DLL
0x00007ff9bbcd0000 - 0x00007ff9bbd69000 	C:\Windows\System32\bcryptPrimitives.dll
0x00007ff9aa160000 - 0x00007ff9aa185000 	C:\Program Files\Java\jdk-17\bin\java.dll
0x00007ff99dbe0000 - 0x00007ff99dcb7000 	C:\Program Files\Java\jdk-17\bin\jsvml.dll
0x00007ff9bd370000 - 0x00007ff9bdaba000 	C:\Windows\System32\SHELL32.dll
0x00007ff9bbd70000 - 0x00007ff9bbee4000 	C:\Windows\System32\wintypes.dll
0x00007ff9b9450000 - 0x00007ff9b9cab000 	C:\Windows\SYSTEM32\windows.storage.dll
0x00007ff9bdb70000 - 0x00007ff9bdc65000 	C:\Windows\System32\SHCORE.dll
0x00007ff9bc920000 - 0x00007ff9bc98a000 	C:\Windows\System32\shlwapi.dll
0x00007ff9bb720000 - 0x00007ff9bb74f000 	C:\Windows\SYSTEM32\profapi.dll
0x00007ff9ab2a0000 - 0x00007ff9ab2b9000 	C:\Program Files\Java\jdk-17\bin\net.dll
0x00007ff9b3e50000 - 0x00007ff9b3f6e000 	C:\Windows\SYSTEM32\WINHTTP.dll
0x00007ff9bab40000 - 0x00007ff9babaa000 	C:\Windows\system32\mswsock.dll
0x00007ff9ab210000 - 0x00007ff9ab226000 	C:\Program Files\Java\jdk-17\bin\nio.dll
0x00007ff9aae10000 - 0x00007ff9aae28000 	C:\Program Files\Java\jdk-17\bin\zip.dll
0x00007ff9ab4a0000 - 0x00007ff9ab4b0000 	C:\Program Files\Java\jdk-17\bin\verify.dll
0x00007ff9ab3c0000 - 0x00007ff9ab3ca000 	C:\Program Files\Java\jdk-17\bin\management.dll
0x00007ff9ab1b0000 - 0x00007ff9ab1bb000 	C:\Program Files\Java\jdk-17\bin\management_ext.dll
0x00007ff9aa130000 - 0x00007ff9aa157000 	C:\Users\Dell\.gradle\native\1def1411415f61bf3af743bc5b6707747c0891f09f0c88961ee8f79bc544acac\windows-amd64\native-platform.dll
0x00007ff9aadc0000 - 0x00007ff9aadca000 	C:\Users\Dell\.gradle\native\jansi\1.18\windows64\jansi.dll
0x00007ff9b9f60000 - 0x00007ff9b9f93000 	C:\Windows\SYSTEM32\IPHLPAPI.DLL
0x00007ff9be670000 - 0x00007ff9be67a000 	C:\Windows\System32\NSI.dll
0x00007ff9b5840000 - 0x00007ff9b585f000 	C:\Windows\SYSTEM32\dhcpcsvc6.DLL
0x00007ff9b5800000 - 0x00007ff9b5825000 	C:\Windows\SYSTEM32\dhcpcsvc.DLL
0x00007ff9b9fa0000 - 0x00007ff9ba0c6000 	C:\Windows\SYSTEM32\DNSAPI.dll
0x00007ff9bae00000 - 0x00007ff9bae1b000 	C:\Windows\SYSTEM32\CRYPTSP.dll
0x00007ff9ba510000 - 0x00007ff9ba54b000 	C:\Windows\system32\rsaenh.dll
0x00007ff9babe0000 - 0x00007ff9bac0b000 	C:\Windows\SYSTEM32\USERENV.dll
0x00007ff9bb6f0000 - 0x00007ff9bb716000 	C:\Windows\SYSTEM32\bcrypt.dll
0x00007ff9badf0000 - 0x00007ff9badfc000 	C:\Windows\SYSTEM32\CRYPTBASE.dll
0x00007ff9aab60000 - 0x00007ff9aab6e000 	C:\Program Files\Java\jdk-17\bin\sunmscapi.dll
0x00007ff9bc2e0000 - 0x00007ff9bc457000 	C:\Windows\System32\CRYPT32.dll
0x00007ff9bb010000 - 0x00007ff9bb040000 	C:\Windows\SYSTEM32\ncrypt.dll
0x00007ff9bafc0000 - 0x00007ff9bafff000 	C:\Windows\SYSTEM32\NTASN1.dll
0x00007ff9189a0000 - 0x00007ff9189a8000 	C:\Windows\system32\wshunix.dll

dbghelp: loaded successfully - version: 4.0.5 - missing functions: none
symbol engine: initialized successfully - sym options: 0x614 - pdb path: .;C:\Program Files\Java\jdk-17\bin;C:\Windows\SYSTEM32;C:\Windows\WinSxS\amd64_microsoft.windows.common-controls_6595b64144ccf1df_6.0.26100.4484_none_3e0e6d4ce32ef3b3;C:\Program Files\Java\jdk-17\bin\server;C:\Users\Dell\.gradle\native\1def1411415f61bf3af743bc5b6707747c0891f09f0c88961ee8f79bc544acac\windows-amd64;C:\Users\Dell\.gradle\native\jansi\1.18\windows64

VM Arguments:
jvm_args: -Xmx64m -Xms64m -Dorg.gradle.appname=gradlew 
java_command: C:\Users\Dell\CODING\NewFirstApp\android\\gradle\wrapper\gradle-wrapper.jar app:installDebug -PreactNativeDevServerPort=8081
java_class_path (initial): C:\Users\Dell\CODING\NewFirstApp\android\\gradle\wrapper\gradle-wrapper.jar
Launcher Type: SUN_STANDARD

[Global flags]
     intx CICompilerCount                          = 4                                         {product} {ergonomic}
     uint ConcGCThreads                            = 2                                         {product} {ergonomic}
     uint G1ConcRefinementThreads                  = 8                                         {product} {ergonomic}
   size_t G1HeapRegionSize                         = 1048576                                   {product} {ergonomic}
    uintx GCDrainStackTargetSize                   = 64                                        {product} {ergonomic}
   size_t InitialHeapSize                          = 67108864                                  {product} {command line}
   size_t MarkStackSize                            = 4194304                                   {product} {ergonomic}
   size_t MaxHeapSize                              = 67108864                                  {product} {command line}
   size_t MaxNewSize                               = 39845888                                  {product} {ergonomic}
   size_t MinHeapDeltaBytes                        = 1048576                                   {product} {ergonomic}
   size_t MinHeapSize                              = 67108864                                  {product} {command line}
    uintx NonNMethodCodeHeapSize                   = 5839372                                {pd product} {ergonomic}
    uintx NonProfiledCodeHeapSize                  = 122909434                              {pd product} {ergonomic}
    uintx ProfiledCodeHeapSize                     = 122909434                              {pd product} {ergonomic}
    uintx ReservedCodeCacheSize                    = 251658240                              {pd product} {ergonomic}
     bool SegmentedCodeCache                       = true                                      {product} {ergonomic}
   size_t SoftMaxHeapSize                          = 67108864                               {manageable} {ergonomic}
     bool UseCompressedClassPointers               = true                           {product lp64_product} {ergonomic}
     bool UseCompressedOops                        = true                           {product lp64_product} {ergonomic}
     bool UseG1GC                                  = true                                      {product} {ergonomic}
     bool UseLargePagesIndividualAllocation        = false                                  {pd product} {ergonomic}

Logging:
Log output configuration:
 #0: stdout all=warning uptime,level,tags
 #1: stderr all=off uptime,level,tags

Environment Variables:
JAVA_HOME=C:\Program Files\Java\jdk-17
PATH=C:\Users\Dell\CODING\NewFirstApp\node_modules\.bin;C:\Users\Dell\CODING\NewFirstApp\node_modules\.bin;C:\Users\Dell\CODING\node_modules\.bin;C:\Users\Dell\node_modules\.bin;C:\Users\node_modules\.bin;C:\node_modules\.bin;C:\Program Files\nodejs\node_modules\npm\node_modules\@npmcli\run-script\lib\node-gyp-bin;C:\Users\Dell\AppData\Local\cloud-code\installer\google-cloud-sdk\bin;C:\Program Files\Java\jdk-17\bin;C:\Windows\system32;C:\Windows;C:\Windows\System32\Wbem;C:\Windows\System32\WindowsPowerShell\v1.0\;C:\Windows\System32\OpenSSH\;C:\Program Files\dotnet\;C:\Program Files\nodejs\;C:\Program Files\Git\cmd;C:\Program Files\MEGA11;C:\Program Files\MySQL\MySQL Server 8.0\bin;C:\Program Files\php-8.4.5;C:\ProgramData\chocolatey\bin;C:\Users\Dell\AppData\Local\Android\Sdk\platforms;C:\Users\Dell\AppData\Local\Android\Sdk;C:\Users\Dell\AppData\Local\Android\Sdk\platform-tools;C:\Users\Dell\AppData\Local\Android\Sdk\emulator;C:\Users\Dell\AppData\Local\Android\Sdk\build-tools;C:\Users\Dell\AppData\Local\Android\Sdk\cmdline-tools\latest\bin;C:\Users\Dell\AppData\Local\Programs\Python\Python313\Scripts\;C:\Users\Dell\AppData\Local\Programs\Python\Python313\;C:\Users\Dell\AppData\Local\Microsoft\WindowsApps;C:\Users\Dell\AppData\Local\Programs\Microsoft VS Code\bin;C:\Users\Dell\AppData\Roaming\npm;C:\flutter\bin;C:\Users\Dell\AppData\Local\Programs\Python\env\Scripts;C:\Users\Dell\AppData\Local\Android\Sdk;C:\Users\Dell\AppData\Local\Android\Sdk\emulator;C:\Users\Dell\AppData\Local\Android\Sdk\platforms;C:\Users\Dell\AppData\Local\Android\Sdk\platform-tools;C:\Users\Dell\AppData\Local\Android\Sdk\build-toaols;
USERNAME=Dell
LANG=en_US.UTF-8
OS=Windows_NT
PROCESSOR_IDENTIFIER=AMD64 Family 23 Model 160 Stepping 0, AuthenticAMD



---------------  S Y S T E M  ---------------

OS:
 Windows 11 , 64 bit Build 26100 (10.0.26100.4484)
OS uptime: 0 days 23:21 hours
Hyper-V role detected

CPU: total 8 (initial active 8) (8 cores per cpu, 2 threads per core) family 23 model 160 stepping 0 microcode 0x8a0000b, cx8, cmov, fxsr, ht, mmx, 3dnowpref, sse, sse2, sse3, ssse3, sse4a, sse4.1, sse4.2, popcnt, lzcnt, tsc, tscinvbit, avx, avx2, aes, clmul, bmi1, bmi2, adx, sha, fma, vzeroupper, clflush, clflushopt, hv

Memory: 4k page, system-wide physical 7379M (491M free)
TotalPageFile size 18447M (AvailPageFile size 39M)
current process WorkingSet (physical memory assigned to process): 24M, peak: 116M
current process commit charge ("private bytes"): 169M, peak: 191M

vm_info: Java HotSpot(TM) 64-Bit Server VM (17.0.13+10-LTS-268) for windows-amd64 JRE (17.0.13+10-LTS-268), built on Sep 30 2024 06:33:13 by "mach5one" with MS VC++ 17.6 (VS2022)

END.
